2018-04-21 11:25:45,155 - <module> - 469 - train_data representing...
INFO:__main__:train_data representing...
2018-04-21 11:25:45,155 - read_data - 93 - reading data...
INFO:__main__:reading data...
2018-04-21 11:26:17,141 - split_feature - 115 - item_category_list ing...
INFO:__main__:item_category_list ing...
2018-04-21 11:26:18,065 - split_feature - 115 - item_property_list ing...
INFO:__main__:item_property_list ing...
2018-04-21 11:26:58,853 - run - 354 - 正在利用信息增益进行特征选择，对item_property_list进行...
INFO:__main__:正在利用信息增益进行特征选择，对item_property_list进行...
2018-04-21 11:27:56,248 - run - 358 - 正在进行one-hot...
INFO:__main__:正在进行one-hot...
data_helper.py:171: SettingWithCopyWarning: 
A value is trying to be set on a copy of a slice from a DataFrame.
Try using .loc[row_indexer,col_indexer] = value instead

See the caveats in the documentation: http://pandas.pydata.org/pandas-docs/stable/indexing.html#indexing-view-versus-copy
  data_time["format_time"] = data_time["context_timestamp"].apply(lambda x: time.localtime(x))
2018-04-21 11:30:46,756 - run - 362 - finish to deal with especial features...
INFO:__main__:finish to deal with especial features...
2018-04-21 11:32:03,216 - run - 371 - finish to deal with the rest features...
INFO:__main__:finish to deal with the rest features...
2018-04-21 11:32:34,221 - run - 379 - finish to add the features of index...
INFO:__main__:finish to add the features of index...
2018-04-21 11:32:34,222 - run - 387 - write the each field of one-hot data to csv ...
INFO:__main__:write the each field of one-hot data to csv ...
2018-04-21 12:58:06,679 - svd - 434 - use svd to reduce the dimension
INFO:__main__:use svd to reduce the dimension
2018-04-21 12:58:08,947 - svd - 443 - Filed_matrix_dim if smaller than the target, no need to perform reduction, thus weonly add extra zero element to make up the dimension.
INFO:__main__:Filed_matrix_dim if smaller than the target, no need to perform reduction, thus weonly add extra zero element to make up the dimension.
2018-04-21 13:01:05,739 - svd - 434 - use svd to reduce the dimension
INFO:__main__:use svd to reduce the dimension
2018-04-21 13:14:40,192 - svd - 434 - use svd to reduce the dimension
INFO:__main__:use svd to reduce the dimension
2018-04-21 13:14:44,137 - svd - 443 - Filed_matrix_dim if smaller than the target, no need to perform reduction, thus weonly add extra zero element to make up the dimension.
INFO:__main__:Filed_matrix_dim if smaller than the target, no need to perform reduction, thus weonly add extra zero element to make up the dimension.
2018-04-21 13:17:53,217 - svd - 434 - use svd to reduce the dimension
INFO:__main__:use svd to reduce the dimension
2018-04-21 13:18:28,077 - svd - 443 - Filed_matrix_dim if smaller than the target, no need to perform reduction, thus weonly add extra zero element to make up the dimension.
INFO:__main__:Filed_matrix_dim if smaller than the target, no need to perform reduction, thus weonly add extra zero element to make up the dimension.
2018-04-21 13:21:27,556 - <module> - 475 - test_data representing...
INFO:__main__:test_data representing...
2018-04-21 13:21:27,625 - read_data - 93 - reading data...
INFO:__main__:reading data...
2018-04-21 13:21:35,496 - split_feature - 115 - item_category_list ing...
INFO:__main__:item_category_list ing...
2018-04-21 13:21:37,935 - split_feature - 115 - item_property_list ing...
INFO:__main__:item_property_list ing...
2018-04-21 13:21:44,456 - run - 354 - 正在利用信息增益进行特征选择，对item_property_list进行...
INFO:__main__:正在利用信息增益进行特征选择，对item_property_list进行...
2018-04-21 13:21:49,794 - run - 358 - 正在进行one-hot...
INFO:__main__:正在进行one-hot...
2018-04-21 13:22:14,795 - run - 362 - finish to deal with especial features...
INFO:__main__:finish to deal with especial features...
2018-04-21 13:22:28,744 - run - 371 - finish to deal with the rest features...
INFO:__main__:finish to deal with the rest features...
2018-04-21 13:22:51,887 - run - 379 - finish to add the features of index...
INFO:__main__:finish to add the features of index...
2018-04-21 13:22:51,889 - run - 387 - write the each field of one-hot data to csv ...
INFO:__main__:write the each field of one-hot data to csv ...
2018-04-21 13:25:07,711 - svd - 434 - use svd to reduce the dimension
INFO:__main__:use svd to reduce the dimension
2018-04-21 13:25:07,713 - svd - 443 - Filed_matrix_dim if smaller than the target, no need to perform reduction, thus weonly add extra zero element to make up the dimension.
INFO:__main__:Filed_matrix_dim if smaller than the target, no need to perform reduction, thus weonly add extra zero element to make up the dimension.
2018-04-21 13:25:23,116 - svd - 434 - use svd to reduce the dimension
INFO:__main__:use svd to reduce the dimension
2018-04-21 13:26:29,639 - svd - 434 - use svd to reduce the dimension
INFO:__main__:use svd to reduce the dimension
2018-04-21 13:26:29,641 - svd - 443 - Filed_matrix_dim if smaller than the target, no need to perform reduction, thus weonly add extra zero element to make up the dimension.
INFO:__main__:Filed_matrix_dim if smaller than the target, no need to perform reduction, thus weonly add extra zero element to make up the dimension.
2018-04-21 13:26:44,978 - svd - 434 - use svd to reduce the dimension
INFO:__main__:use svd to reduce the dimension
2018-04-21 13:26:44,985 - svd - 443 - Filed_matrix_dim if smaller than the target, no need to perform reduction, thus weonly add extra zero element to make up the dimension.
INFO:__main__:Filed_matrix_dim if smaller than the target, no need to perform reduction, thus weonly add extra zero element to make up the dimension.
True
(478138, 30)
(478138, 2771)
(478138, 33)
(478138, 124)
True
(42888, 30)
(42888, 2012)
(42888, 32)
(42888, 98)
